<?xml version="1.0" encoding="UTF-8"?>
<testng-results ignored="0" total="1" passed="1" failed="0" skipped="0">
  <reporter-output>
  </reporter-output>
  <suite started-at="2021-07-06T23:09:35 BDT" name="Default suite" finished-at="2021-07-06T23:10:37 BDT" duration-ms="61833">
    <groups>
    </groups>
    <test started-at="2021-07-06T23:09:35 BDT" name="Default test" finished-at="2021-07-06T23:10:37 BDT" duration-ms="61833">
      <class name="com.automation.SmartMedTest">
        <test-method is-config="true" signature="setDriver()[pri:0, instance:com.automation.SmartMedTest@8458f04]" started-at="2021-07-06T23:09:29 BDT" name="setDriver" finished-at="2021-07-06T23:09:35 BDT" duration-ms="5878" status="PASS">
          <reporter-output>
          </reporter-output>
        </test-method> <!-- setDriver -->
        <test-method signature="TestSmartMed()[pri:0, instance:com.automation.SmartMedTest@8458f04]" started-at="2021-07-06T23:09:35 BDT" name="TestSmartMed" finished-at="2021-07-06T23:10:37 BDT" duration-ms="61666" status="PASS">
          <reporter-output>
          </reporter-output>
        </test-method> <!-- TestSmartMed -->
        <test-method is-config="true" signature="close()[pri:0, instance:com.automation.SmartMedTest@8458f04]" started-at="2021-07-06T23:10:37 BDT" name="close" finished-at="2021-07-06T23:10:37 BDT" duration-ms="328" status="PASS">
          <reporter-output>
          </reporter-output>
        </test-method> <!-- close -->
      </class> <!-- com.automation.SmartMedTest -->
    </test> <!-- Default test -->
  </suite> <!-- Default suite -->
</testng-results>
